

Started GET "/assets/rails.png" for 10.0.2.2 at 2011-11-09 21:29:18 -0800
Served asset /rails.png - 304 Not Modified (47ms)
  [1m[36m (0.2ms)[0m  [1mselect sqlite_version(*)[0m
  [1m[35m (5.5ms)[0m  CREATE TABLE "schema_migrations" ("version" varchar(255) NOT NULL) 
  [1m[36m (0.1ms)[0m  [1mPRAGMA index_list("schema_migrations")[0m
  [1m[35m (6.7ms)[0m  CREATE UNIQUE INDEX "unique_schema_migrations" ON "schema_migrations" ("version")
  [1m[36m (0.9ms)[0m  [1mSELECT "schema_migrations"."version" FROM "schema_migrations" [0m
  [1m[36m (1.1ms)[0m  [1mselect sqlite_version(*)[0m
  [1m[35m (1.1ms)[0m  SELECT "schema_migrations"."version" FROM "schema_migrations" 
  [1m[36m (1.1ms)[0m  [1mSELECT "schema_migrations"."version" FROM "schema_migrations" [0m
  [1m[35m (0.1ms)[0m  select sqlite_version(*)
  [1m[36m (5.3ms)[0m  [1mCREATE TABLE "schema_migrations" ("version" varchar(255) NOT NULL) [0m
  [1m[35m (0.1ms)[0m  PRAGMA index_list("schema_migrations")
  [1m[36m (6.5ms)[0m  [1mCREATE UNIQUE INDEX "unique_schema_migrations" ON "schema_migrations" ("version")[0m
  [1m[35m (0.8ms)[0m  SELECT version FROM "schema_migrations"
  [1m[36m (7.0ms)[0m  [1mINSERT INTO "schema_migrations" (version) VALUES ('0')[0m


Started GET "/" for 10.0.2.2 at 2011-11-09 21:41:34 -0800
  Processing by HomeController#index as HTML
Rendered home/index.html.haml within layouts/application (1.5ms)
Compiled application.css  (11ms)  (pid 3101)
Compiled home.css  (65ms)  (pid 3101)
Compiled application.js  (26ms)  (pid 3101)
Compiled jquery.js  (5ms)  (pid 3101)
Compiled jquery_ujs.js  (0ms)  (pid 3101)
Compiled home.js  (228ms)  (pid 3101)
Completed 200 OK in 1059ms (Views: 1058.2ms | ActiveRecord: 0.0ms)


Started GET "/assets/application.css?body=1" for 10.0.2.2 at 2011-11-09 21:41:36 -0800
Served asset /application.css - 200 OK (6ms)


Started GET "/assets/jquery_ujs.js?body=1" for 10.0.2.2 at 2011-11-09 21:41:36 -0800
Served asset /jquery_ujs.js - 200 OK (41ms)


Started GET "/assets/home.js?body=1" for 10.0.2.2 at 2011-11-09 21:41:36 -0800
Served asset /home.js - 304 Not Modified (21ms)


Started GET "/assets/application.js?body=1" for 10.0.2.2 at 2011-11-09 21:41:36 -0800
Served asset /application.js - 200 OK (3ms)


Started GET "/assets/home.css?body=1" for 10.0.2.2 at 2011-11-09 21:41:36 -0800
Served asset /home.css - 304 Not Modified (19ms)


Started GET "/assets/jquery.js?body=1" for 10.0.2.2 at 2011-11-09 21:41:37 -0800
Served asset /jquery.js - 200 OK (36ms)
